# JRE version: OpenJDK Runtime Environment Temurin-21.0.8+9 (21.0.8+9) (build 21.0.8+9-LTS)
# Java VM: OpenJDK 64-Bit Server VM Temurin-21.0.8+9 (21.0.8+9-LTS, mixed mode, sharing, tiered, compressed oops, compressed class ptrs, parallel gc, windows-amd64)
GC Precious Log:
 CardTable entry size: 512
 CPUs: 8 total, 8 available
 Memory: 5877M
 Large Page Support: Disabled
 NUMA Support: Disabled
 Compressed Oops: Enabled (32-bit)
 Alignments: Space 512K, Generation 512K, Heap 2M
 Heap Min Capacity: 100M
 Heap Initial Capacity: 100M
 Heap Max Capacity: 2G
 Pre-touch: Disabled
 Parallel Workers: 8
Heap:
 PSYoungGen      total 5632K, used 3813K [0x00000000d5580000, 0x00000000d6000000, 0x0000000100000000)
  eden space 5120K, 66% used [0x00000000d5580000,0x00000000d58d95d0,0x00000000d5a80000)
  from space 512K, 75% used [0x00000000d5f00000,0x00000000d5f60000,0x00000000d5f80000)
  to   space 512K, 0% used [0x00000000d5f80000,0x00000000d5f80000,0x00000000d6000000)
 ParOldGen       total 81920K, used 81759K [0x0000000080000000, 0x0000000085000000, 0x00000000d5580000)
  object space 81920K, 99% used [0x0000000080000000,0x0000000084fd7c00,0x0000000085000000)
 Metaspace       used 70707K, committed 72192K, reserved 1114112K
  class space    used 8910K, committed 9600K, reserved 1048576K
GC Heap History (20 events):
Event: 113.358 GC heap before
{Heap before GC invocations=71 (full 3):
 PSYoungGen      total 8704K, used 8438K [0x00000000d5580000, 0x00000000d6080000, 0x0000000100000000)
  eden space 6144K, 98% used [0x00000000d5580000,0x00000000d5b6a3c8,0x00000000d5b80000)
  from space 2560K, 93% used [0x00000000d5b80000,0x00000000d5dd37b8,0x00000000d5e00000)
  to   space 2560K, 0% used [0x00000000d5e00000,0x00000000d5e00000,0x00000000d6080000)
 ParOldGen       total 68608K, used 66008K [0x0000000080000000, 0x0000000084300000, 0x00000000d5580000)
  object space 68608K, 96% used [0x0000000080000000,0x00000000840761a0,0x0000000084300000)
 Metaspace       used 69113K, committed 70656K, reserved 1114112K
  class space    used 8709K, committed 9408K, reserved 1048576K
}
Event: 113.361 GC heap after
{Heap after GC invocations=71 (full 3):
 PSYoungGen      total 8192K, used 2553K [0x00000000d5580000, 0x00000000d6180000, 0x0000000100000000)
  eden space 5632K, 0% used [0x00000000d5580000,0x00000000d5580000,0x00000000d5b00000)
  from space 2560K, 99% used [0x00000000d5e00000,0x00000000d607e530,0x00000000d6080000)
  to   space 3072K, 0% used [0x00000000d5b00000,0x00000000d5b00000,0x00000000d5e00000)
 ParOldGen       total 69632K, used 69173K [0x0000000080000000, 0x0000000084400000, 0x00000000d5580000)
  object space 69632K, 99% used [0x0000000080000000,0x000000008438d5d0,0x0000000084400000)
 Metaspace       used 69113K, committed 70656K, reserved 1114112K
  class space    used 8709K, committed 9408K, reserved 1048576K
}
Event: 113.369 GC heap before
{Heap before GC invocations=72 (full 3):
 PSYoungGen      total 8192K, used 8185K [0x00000000d5580000, 0x00000000d6180000, 0x0000000100000000)
  eden space 5632K, 100% used [0x00000000d5580000,0x00000000d5b00000,0x00000000d5b00000)
  from space 2560K, 99% used [0x00000000d5e00000,0x00000000d607e530,0x00000000d6080000)
  to   space 3072K, 0% used [0x00000000d5b00000,0x00000000d5b00000,0x00000000d5e00000)
 ParOldGen       total 69632K, used 69173K [0x0000000080000000, 0x0000000084400000, 0x00000000d5580000)
  object space 69632K, 99% used [0x0000000080000000,0x000000008438d5d0,0x0000000084400000)
 Metaspace       used 69113K, committed 70656K, reserved 1114112K
  class space    used 8709K, committed 9408K, reserved 1048576K
}
Event: 113.370 GC heap after
{Heap after GC invocations=72 (full 3):
 PSYoungGen      total 6656K, used 708K [0x00000000d5580000, 0x00000000d5e80000, 0x0000000100000000)
  eden space 5632K, 0% used [0x00000000d5580000,0x00000000d5580000,0x00000000d5b00000)
  from space 1024K, 69% used [0x00000000d5b00000,0x00000000d5bb1328,0x00000000d5c00000)
  to   space 1536K, 0% used [0x00000000d5d00000,0x00000000d5d00000,0x00000000d5e80000)
 ParOldGen       total 70656K, used 70566K [0x0000000080000000, 0x0000000084500000, 0x00000000d5580000)
  object space 70656K, 99% used [0x0000000080000000,0x00000000844e9ad0,0x0000000084500000)
 Metaspace       used 69113K, committed 70656K, reserved 1114112K
  class space    used 8709K, committed 9408K, reserved 1048576K
}
Event: 113.378 GC heap before
{Heap before GC invocations=73 (full 3):
 PSYoungGen      total 6656K, used 5954K [0x00000000d5580000, 0x00000000d5e80000, 0x0000000100000000)
  eden space 5632K, 93% used [0x00000000d5580000,0x00000000d5a9f610,0x00000000d5b00000)
  from space 1024K, 69% used [0x00000000d5b00000,0x00000000d5bb1328,0x00000000d5c00000)
  to   space 1536K, 0% used [0x00000000d5d00000,0x00000000d5d00000,0x00000000d5e80000)
 ParOldGen       total 70656K, used 70566K [0x0000000080000000, 0x0000000084500000, 0x00000000d5580000)
  object space 70656K, 99% used [0x0000000080000000,0x00000000844e9ad0,0x0000000084500000)
 Metaspace       used 69113K, committed 70656K, reserved 1114112K
  class space    used 8709K, committed 9408K, reserved 1048576K
}
Event: 113.380 GC heap after
{Heap after GC invocations=73 (full 3):
 PSYoungGen      total 7168K, used 1147K [0x00000000d5580000, 0x00000000d5e80000, 0x0000000100000000)
  eden space 5632K, 0% used [0x00000000d5580000,0x00000000d5580000,0x00000000d5b00000)
  from space 1536K, 74% used [0x00000000d5d00000,0x00000000d5e1ee00,0x00000000d5e80000)
  to   space 1536K, 0% used [0x00000000d5b80000,0x00000000d5b80000,0x00000000d5d00000)
 ParOldGen       total 71680K, used 71179K [0x0000000080000000, 0x0000000084600000, 0x00000000d5580000)
  object space 71680K, 99% used [0x0000000080000000,0x0000000084582df8,0x0000000084600000)
 Metaspace       used 69113K, committed 70656K, reserved 1114112K
  class space    used 8709K, committed 9408K, reserved 1048576K
}
Event: 113.477 GC heap before
{Heap before GC invocations=74 (full 3):
 PSYoungGen      total 7168K, used 6774K [0x00000000d5580000, 0x00000000d5e80000, 0x0000000100000000)
  eden space 5632K, 99% used [0x00000000d5580000,0x00000000d5afeb88,0x00000000d5b00000)
  from space 1536K, 74% used [0x00000000d5d00000,0x00000000d5e1ee00,0x00000000d5e80000)
  to   space 1536K, 0% used [0x00000000d5b80000,0x00000000d5b80000,0x00000000d5d00000)
 ParOldGen       total 71680K, used 71179K [0x0000000080000000, 0x0000000084600000, 0x00000000d5580000)
  object space 71680K, 99% used [0x0000000080000000,0x0000000084582df8,0x0000000084600000)
 Metaspace       used 69125K, committed 70656K, reserved 1114112K
  class space    used 8709K, committed 9408K, reserved 1048576K
}
Event: 113.478 GC heap after
{Heap after GC invocations=74 (full 3):
 PSYoungGen      total 7168K, used 1493K [0x00000000d5580000, 0x00000000d5f00000, 0x0000000100000000)
  eden space 5632K, 0% used [0x00000000d5580000,0x00000000d5580000,0x00000000d5b00000)
  from space 1536K, 97% used [0x00000000d5b80000,0x00000000d5cf54f8,0x00000000d5d00000)
  to   space 2048K, 0% used [0x00000000d5d00000,0x00000000d5d00000,0x00000000d5f00000)
 ParOldGen       total 71680K, used 71278K [0x0000000080000000, 0x0000000084600000, 0x00000000d5580000)
  object space 71680K, 99% used [0x0000000080000000,0x000000008459bb38,0x0000000084600000)
 Metaspace       used 69125K, committed 70656K, reserved 1114112K
  class space    used 8709K, committed 9408K, reserved 1048576K
}
Event: 113.626 GC heap before
{Heap before GC invocations=75 (full 3):
 PSYoungGen      total 7168K, used 7125K [0x00000000d5580000, 0x00000000d5f00000, 0x0000000100000000)
  eden space 5632K, 100% used [0x00000000d5580000,0x00000000d5b00000,0x00000000d5b00000)
  from space 1536K, 97% used [0x00000000d5b80000,0x00000000d5cf54f8,0x00000000d5d00000)
  to   space 2048K, 0% used [0x00000000d5d00000,0x00000000d5d00000,0x00000000d5f00000)
 ParOldGen       total 71680K, used 71278K [0x0000000080000000, 0x0000000084600000, 0x00000000d5580000)
  object space 71680K, 99% used [0x0000000080000000,0x000000008459bb38,0x0000000084600000)
 Metaspace       used 69148K, committed 70656K, reserved 1114112K
  class space    used 8709K, committed 9408K, reserved 1048576K
}
Event: 113.628 GC heap after
{Heap after GC invocations=75 (full 3):
 PSYoungGen      total 7168K, used 2034K [0x00000000d5580000, 0x00000000d6000000, 0x0000000100000000)
  eden space 5120K, 0% used [0x00000000d5580000,0x00000000d5580000,0x00000000d5a80000)
  from space 2048K, 99% used [0x00000000d5d00000,0x00000000d5efc8e0,0x00000000d5f00000)
  to   space 2560K, 0% used [0x00000000d5a80000,0x00000000d5a80000,0x00000000d5d00000)
 ParOldGen       total 74752K, used 74082K [0x0000000080000000, 0x0000000084900000, 0x00000000d5580000)
  object space 74752K, 99% used [0x0000000080000000,0x0000000084858828,0x0000000084900000)
 Metaspace       used 69148K, committed 70656K, reserved 1114112K
  class space    used 8709K, committed 9408K, reserved 1048576K
}
Event: 113.636 GC heap before
{Heap before GC invocations=76 (full 3):
 PSYoungGen      total 7168K, used 7154K [0x00000000d5580000, 0x00000000d6000000, 0x0000000100000000)
  eden space 5120K, 100% used [0x00000000d5580000,0x00000000d5a80000,0x00000000d5a80000)
  from space 2048K, 99% used [0x00000000d5d00000,0x00000000d5efc8e0,0x00000000d5f00000)
  to   space 2560K, 0% used [0x00000000d5a80000,0x00000000d5a80000,0x00000000d5d00000)
 ParOldGen       total 74752K, used 74082K [0x0000000080000000, 0x0000000084900000, 0x00000000d5580000)
  object space 74752K, 99% used [0x0000000080000000,0x0000000084858828,0x0000000084900000)
 Metaspace       used 69148K, committed 70656K, reserved 1114112K
  class space    used 8709K, committed 9408K, reserved 1048576K
}
Event: 113.638 GC heap after
{Heap after GC invocations=76 (full 3):
 PSYoungGen      total 7680K, used 2537K [0x00000000d5580000, 0x00000000d6680000, 0x0000000100000000)
  eden space 5120K, 0% used [0x00000000d5580000,0x00000000d5580000,0x00000000d5a80000)
  from space 2560K, 99% used [0x00000000d5a80000,0x00000000d5cfa428,0x00000000d5d00000)
  to   space 6144K, 0% used [0x00000000d6080000,0x00000000d6080000,0x00000000d6680000)
 ParOldGen       total 76800K, used 76731K [0x0000000080000000, 0x0000000084b00000, 0x00000000d5580000)
  object space 76800K, 99% used [0x0000000080000000,0x0000000084aeecb0,0x0000000084b00000)
 Metaspace       used 69148K, committed 70656K, reserved 1114112K
  class space    used 8709K, committed 9408K, reserved 1048576K
}
Event: 113.668 GC heap before
{Heap before GC invocations=77 (full 3):
 PSYoungGen      total 7680K, used 7657K [0x00000000d5580000, 0x00000000d6680000, 0x0000000100000000)
  eden space 5120K, 100% used [0x00000000d5580000,0x00000000d5a80000,0x00000000d5a80000)
  from space 2560K, 99% used [0x00000000d5a80000,0x00000000d5cfa428,0x00000000d5d00000)
  to   space 6144K, 0% used [0x00000000d6080000,0x00000000d6080000,0x00000000d6680000)
 ParOldGen       total 76800K, used 76731K [0x0000000080000000, 0x0000000084b00000, 0x00000000d5580000)
  object space 76800K, 99% used [0x0000000080000000,0x0000000084aeecb0,0x0000000084b00000)
 Metaspace       used 69156K, committed 70656K, reserved 1114112K
  class space    used 8709K, committed 9408K, reserved 1048576K
}
Event: 113.671 GC heap after
{Heap after GC invocations=77 (full 3):
 PSYoungGen      total 7680K, used 2269K [0x00000000d5580000, 0x00000000d6300000, 0x0000000100000000)
  eden space 5120K, 0% used [0x00000000d5580000,0x00000000d5580000,0x00000000d5a80000)
  from space 2560K, 88% used [0x00000000d6080000,0x00000000d62b75d8,0x00000000d6300000)
  to   space 3584K, 0% used [0x00000000d5c00000,0x00000000d5c00000,0x00000000d5f80000)
 ParOldGen       total 79360K, used 79292K [0x0000000080000000, 0x0000000084d80000, 0x00000000d5580000)
  object space 79360K, 99% used [0x0000000080000000,0x0000000084d6f0d8,0x0000000084d80000)
 Metaspace       used 69156K, committed 70656K, reserved 1114112K
  class space    used 8709K, committed 9408K, reserved 1048576K
}
Event: 113.851 GC heap before
{Heap before GC invocations=78 (full 3):
 PSYoungGen      total 7680K, used 7389K [0x00000000d5580000, 0x00000000d6300000, 0x0000000100000000)
  eden space 5120K, 100% used [0x00000000d5580000,0x00000000d5a80000,0x00000000d5a80000)
  from space 2560K, 88% used [0x00000000d6080000,0x00000000d62b75d8,0x00000000d6300000)
  to   space 3584K, 0% used [0x00000000d5c00000,0x00000000d5c00000,0x00000000d5f80000)
 ParOldGen       total 79360K, used 79292K [0x0000000080000000, 0x0000000084d80000, 0x00000000d5580000)
  object space 79360K, 99% used [0x0000000080000000,0x0000000084d6f0d8,0x0000000084d80000)
 Metaspace       used 69207K, committed 70656K, reserved 1114112K
  class space    used 8716K, committed 9408K, reserved 1048576K
}
Event: 113.854 GC heap after
{Heap after GC invocations=78 (full 3):
 PSYoungGen      total 8704K, used 224K [0x00000000d5580000, 0x00000000d6100000, 0x0000000100000000)
  eden space 5120K, 0% used [0x00000000d5580000,0x00000000d5580000,0x00000000d5a80000)
  from space 3584K, 6% used [0x00000000d5c00000,0x00000000d5c38000,0x00000000d5f80000)
  to   space 1536K, 0% used [0x00000000d5f80000,0x00000000d5f80000,0x00000000d6100000)
 ParOldGen       total 81920K, used 81436K [0x0000000080000000, 0x0000000085000000, 0x00000000d5580000)
  object space 81920K, 99% used [0x0000000080000000,0x0000000084f87340,0x0000000085000000)
 Metaspace       used 69207K, committed 70656K, reserved 1114112K
  class space    used 8716K, committed 9408K, reserved 1048576K
}
Event: 114.037 GC heap before
{Heap before GC invocations=79 (full 3):
 PSYoungGen      total 8704K, used 5344K [0x00000000d5580000, 0x00000000d6100000, 0x0000000100000000)
  eden space 5120K, 100% used [0x00000000d5580000,0x00000000d5a80000,0x00000000d5a80000)
  from space 3584K, 6% used [0x00000000d5c00000,0x00000000d5c38000,0x00000000d5f80000)
  to   space 1536K, 0% used [0x00000000d5f80000,0x00000000d5f80000,0x00000000d6100000)
 ParOldGen       total 81920K, used 81436K [0x0000000080000000, 0x0000000085000000, 0x00000000d5580000)
  object space 81920K, 99% used [0x0000000080000000,0x0000000084f87340,0x0000000085000000)
 Metaspace       used 69761K, committed 71232K, reserved 1114112K
  class space    used 8786K, committed 9472K, reserved 1048576K
}
Event: 114.039 GC heap after
{Heap after GC invocations=79 (full 3):
 PSYoungGen      total 5632K, used 376K [0x00000000d5580000, 0x00000000d6000000, 0x0000000100000000)
  eden space 5120K, 0% used [0x00000000d5580000,0x00000000d5580000,0x00000000d5a80000)
  from space 512K, 73% used [0x00000000d5f80000,0x00000000d5fde1a8,0x00000000d6000000)
  to   space 512K, 0% used [0x00000000d5f00000,0x00000000d5f00000,0x00000000d5f80000)
 ParOldGen       total 81920K, used 81484K [0x0000000080000000, 0x0000000085000000, 0x00000000d5580000)
  object space 81920K, 99% used [0x0000000080000000,0x0000000084f93340,0x0000000085000000)
 Metaspace       used 69761K, committed 71232K, reserved 1114112K
  class space    used 8786K, committed 9472K, reserved 1048576K
}
Event: 114.388 GC heap before
{Heap before GC invocations=80 (full 3):
 PSYoungGen      total 5632K, used 5496K [0x00000000d5580000, 0x00000000d6000000, 0x0000000100000000)
  eden space 5120K, 100% used [0x00000000d5580000,0x00000000d5a80000,0x00000000d5a80000)
  from space 512K, 73% used [0x00000000d5f80000,0x00000000d5fde1a8,0x00000000d6000000)
  to   space 512K, 0% used [0x00000000d5f00000,0x00000000d5f00000,0x00000000d5f80000)
 ParOldGen       total 81920K, used 81484K [0x0000000080000000, 0x0000000085000000, 0x00000000d5580000)
  object space 81920K, 99% used [0x0000000080000000,0x0000000084f93340,0x0000000085000000)
 Metaspace       used 70296K, committed 71872K, reserved 1114112K
  class space    used 8853K, committed 9600K, reserved 1048576K
}
Event: 114.391 GC heap after
{Heap after GC invocations=80 (full 3):
 PSYoungGen      total 5632K, used 384K [0x00000000d5580000, 0x00000000d6000000, 0x0000000100000000)
  eden space 5120K, 0% used [0x00000000d5580000,0x00000000d5580000,0x00000000d5a80000)
  from space 512K, 75% used [0x00000000d5f00000,0x00000000d5f60000,0x00000000d5f80000)
  to   space 512K, 0% used [0x00000000d5f80000,0x00000000d5f80000,0x00000000d6000000)
 ParOldGen       total 81920K, used 81759K [0x0000000080000000, 0x0000000085000000, 0x00000000d5580000)
  object space 81920K, 99% used [0x0000000080000000,0x0000000084fd7c00,0x0000000085000000)
 Metaspace       used 70296K, committed 71872K, reserved 1114112K
  class space    used 8853K, committed 9600K, reserved 1048576K
}

